[debug] [2025-07-29T18:00:18.654Z] ----------------------------------------------------------------------
[debug] [2025-07-29T18:00:18.659Z] Command:       E:\nvm\nvm\nodejs\node.exe C:\Users\Saikabilane P\AppData\Roaming\npm\node_modules\firebase-tools\lib\bin\firebase.js init
[debug] [2025-07-29T18:00:18.659Z] CLI Version:   13.33.0
[debug] [2025-07-29T18:00:18.660Z] Platform:      win32
[debug] [2025-07-29T18:00:18.660Z] Node Version:  v20.19.2
[debug] [2025-07-29T18:00:18.660Z] Time:          Tue Jul 29 2025 23:30:18 GMT+0530 (India Standard Time)
[debug] [2025-07-29T18:00:18.661Z] ----------------------------------------------------------------------
[debug] 
[debug] [2025-07-29T18:00:18.673Z] > command requires scopes: ["email","openid","https://www.googleapis.com/auth/cloudplatformprojects.readonly","https://www.googleapis.com/auth/firebase","https://www.googleapis.com/auth/cloud-platform"]
[debug] [2025-07-29T18:00:18.674Z] > authorizing via signed-in user (kabilane595@gmail.com)
[info] 
     ######## #### ########  ######## ########     ###     ######  ########
     ##        ##  ##     ## ##       ##     ##  ##   ##  ##       ##
     ######    ##  ########  ######   ########  #########  ######  ######
     ##        ##  ##    ##  ##       ##     ## ##     ##       ## ##
     ##       #### ##     ## ######## ########  ##     ##  ######  ########

You're about to initialize a Firebase project in this directory:

  D:\Projects\Cerebro

[info] 
=== Project Setup
[info] 
[info] First, let's associate this project directory with a Firebase project.
[info] You can create multiple project aliases by running firebase use --add, 
[info] but for now we'll just set up a default project.
[info] 
[debug] [2025-07-29T18:01:18.897Z] Checked if tokens are valid: false, expires at: 1753462700013
[debug] [2025-07-29T18:01:18.897Z] Checked if tokens are valid: false, expires at: 1753462700013
[debug] [2025-07-29T18:01:18.897Z] > refreshing access token with scopes: []
[debug] [2025-07-29T18:01:18.900Z] >>> [apiv2][query] POST https://www.googleapis.com/oauth2/v3/token [none]
[debug] [2025-07-29T18:01:18.900Z] >>> [apiv2][body] POST https://www.googleapis.com/oauth2/v3/token [omitted]
[debug] [2025-07-29T18:01:19.684Z] <<< [apiv2][status] POST https://www.googleapis.com/oauth2/v3/token 200
[debug] [2025-07-29T18:01:19.685Z] <<< [apiv2][body] POST https://www.googleapis.com/oauth2/v3/token [omitted]
[debug] [2025-07-29T18:01:19.695Z] >>> [apiv2][query] GET https://firebase.googleapis.com/v1beta1/projects pageSize=100
[debug] [2025-07-29T18:01:20.763Z] <<< [apiv2][status] GET https://firebase.googleapis.com/v1beta1/projects 200
[debug] [2025-07-29T18:01:20.763Z] <<< [apiv2][body] GET https://firebase.googleapis.com/v1beta1/projects [omitted]
[info] i  Using project cerebro-8a462 (Cerebro) 
[info] 
=== Hosting Setup
[debug] [2025-07-29T18:01:22.509Z] Checked if tokens are valid: true, expires at: 1753815678685
[debug] [2025-07-29T18:01:22.509Z] Checked if tokens are valid: true, expires at: 1753815678685
[debug] [2025-07-29T18:01:22.509Z] >>> [apiv2][query] GET https://firebase.googleapis.com/v1beta1/projects/cerebro-8a462 [none]
[debug] [2025-07-29T18:01:23.041Z] <<< [apiv2][status] GET https://firebase.googleapis.com/v1beta1/projects/cerebro-8a462 200
[debug] [2025-07-29T18:01:23.042Z] <<< [apiv2][body] GET https://firebase.googleapis.com/v1beta1/projects/cerebro-8a462 {"projectId":"cerebro-8a462","projectNumber":"1049308363509","displayName":"Cerebro","name":"projects/cerebro-8a462","resources":{"hostingSite":"cerebro-8a462","realtimeDatabaseInstance":"cerebro-8a462-default-rtdb"},"state":"ACTIVE","etag":"1_914bf9ef-19cd-4220-a1d9-19998a5a986d"}
[info] 
[info] Your public directory is the folder (relative to your project directory) that
[info] will contain Hosting assets to be uploaded with firebase deploy. If you
[info] have a build process for your assets, use your build's output directory.
[info] 
[info] +  Wrote public/404.html 
[debug] [2025-07-29T18:01:35.161Z] >>> [apiv2][query] GET https://www.gstatic.com/firebasejs/releases.json [none]
[debug] [2025-07-29T18:01:35.386Z] <<< [apiv2][status] GET https://www.gstatic.com/firebasejs/releases.json 200
[debug] [2025-07-29T18:01:35.386Z] <<< [apiv2][body] GET https://www.gstatic.com/firebasejs/releases.json {"current":{"version":"12.0.0","browserURL":"https://www.gstatic.com/firebasejs/12.0.0/firebase.js","packageURL":"https://www.gstatic.com/firebasejs/12.0.0/firebase.tgz"},"live":{"version":"12.0","browserURL":"https://www.gstatic.com/firebasejs/live/12.0/firebase.js","packageURL":"https://www.gstatic.com/firebasejs/live/12.0/firebase.tgz"},"components":{"ai":"https://www.gstatic.com/firebasejs/12.0.0/firebase-ai.js","analytics":"https://www.gstatic.com/firebasejs/12.0.0/firebase-analytics.js","app":"https://www.gstatic.com/firebasejs/12.0.0/firebase-app.js","app-check":"https://www.gstatic.com/firebasejs/12.0.0/firebase-app-check.js","auth":"https://www.gstatic.com/firebasejs/12.0.0/firebase-auth.js","auth/cordova":"https://www.gstatic.com/firebasejs/12.0.0/firebase-auth/cordova.js","auth/web-extension":"https://www.gstatic.com/firebasejs/12.0.0/firebase-auth/web-extension.js","functions":"https://www.gstatic.com/firebasejs/12.0.0/firebase-functions.js","firestore":"https://www.gstatic.com/firebasejs/12.0.0/firebase-firestore.js","firestore/lite":"https://www.gstatic.com/firebasejs/12.0.0/firebase-firestore/lite.js","installations":"https://www.gstatic.com/firebasejs/12.0.0/firebase-installations.js","storage":"https://www.gstatic.com/firebasejs/12.0.0/firebase-storage.js","performance":"https://www.gstatic.com/firebasejs/12.0.0/firebase-performance.js","remote-config":"https://www.gstatic.com/firebasejs/12.0.0/firebase-remote-config.js","messaging":"https://www.gstatic.com/firebasejs/12.0.0/firebase-messaging.js","messaging/sw":"https://www.gstatic.com/firebasejs/12.0.0/firebase-messaging/sw.js","database":"https://www.gstatic.com/firebasejs/12.0.0/firebase-database.js","data-connect":"https://www.gstatic.com/firebasejs/12.0.0/firebase-data-connect.js","firestore.memory":"https://www.gstatic.com/firebasejs/12.0.0/firebase-firestore.memory.js"}}
[info] +  Wrote public/index.html 
[info] 
=== Storage Setup
[info] 
[info] Firebase Storage Security Rules allow you to define how and when to allow
[info] uploads and downloads. You can keep these rules in your project directory
[info] and publish them with firebase deploy.
[info] 
[info] +  Wrote storage.rules 
[info] 
=== Database Setup
[info] i  database: ensuring required API firebasedatabase.googleapis.com is enabled... 
[debug] [2025-07-29T18:01:46.354Z] Checked if tokens are valid: true, expires at: 1753815678685
[debug] [2025-07-29T18:01:46.355Z] Checked if tokens are valid: true, expires at: 1753815678685
[debug] [2025-07-29T18:01:46.355Z] >>> [apiv2][query] GET https://serviceusage.googleapis.com/v1/projects/cerebro-8a462/services/firebasedatabase.googleapis.com [none]
[debug] [2025-07-29T18:01:46.355Z] >>> [apiv2][(partial)header] GET https://serviceusage.googleapis.com/v1/projects/cerebro-8a462/services/firebasedatabase.googleapis.com x-goog-quota-user=projects/cerebro-8a462
[debug] [2025-07-29T18:01:48.327Z] <<< [apiv2][status] GET https://serviceusage.googleapis.com/v1/projects/cerebro-8a462/services/firebasedatabase.googleapis.com 200
[debug] [2025-07-29T18:01:48.327Z] <<< [apiv2][body] GET https://serviceusage.googleapis.com/v1/projects/cerebro-8a462/services/firebasedatabase.googleapis.com [omitted]
[info] +  database: required API firebasedatabase.googleapis.com is enabled 
[info] 
[debug] [2025-07-29T18:01:48.328Z] Checked if tokens are valid: true, expires at: 1753815678685
[debug] [2025-07-29T18:01:48.329Z] Checked if tokens are valid: true, expires at: 1753815678685
[debug] [2025-07-29T18:01:48.329Z] >>> [apiv2][query] GET https://firebasedatabase.googleapis.com/v1beta/projects/cerebro-8a462/locations/-/instances/cerebro-8a462-default-rtdb [none]
[debug] [2025-07-29T18:01:50.427Z] <<< [apiv2][status] GET https://firebasedatabase.googleapis.com/v1beta/projects/cerebro-8a462/locations/-/instances/cerebro-8a462-default-rtdb 200
[debug] [2025-07-29T18:01:50.427Z] <<< [apiv2][body] GET https://firebasedatabase.googleapis.com/v1beta/projects/cerebro-8a462/locations/-/instances/cerebro-8a462-default-rtdb {"name":"projects/1049308363509/locations/us-central1/instances/cerebro-8a462-default-rtdb","project":"projects/1049308363509","databaseUrl":"https://cerebro-8a462-default-rtdb.firebaseio.com","type":"DEFAULT_DATABASE","state":"ACTIVE"}
[info] 
[info] Firebase Realtime Database Security Rules allow you to define how your data should be
[info] structured and when your data can be read from and written to.
[info] 
